Command line invocation:
    /Applications/Xcode.app/Contents/Developer/usr/bin/xcodebuild -project "Tshiakani VTC.xcodeproj" -scheme "Tshiakani VTC" -configuration Debug clean build

Resolve Package Graph

Updating from https://github.com/googlemaps/google-maps-ios-utils

Updating from https://github.com/apple/swift-algorithms.git

Updating from https://github.com/googlemaps/ios-maps-sdk

Updating from https://github.com/google/app-check.git

Updating from https://github.com/google/interop-ios-for-google-sdks.git

Updating from https://github.com/googlemaps/ios-places-sdk

Updating from https://github.com/firebase/leveldb.git

Updating from https://github.com/google/grpc-binary.git

Updating from https://github.com/google/abseil-cpp-binary.git

Updating from https://github.com/firebase/nanopb.git

Updating from https://github.com/google/gtm-session-fetcher.git

Updating from https://github.com/google/GoogleUtilities.git

Updating from https://github.com/google/GoogleDataTransport.git

Updating from https://github.com/google/GoogleAppMeasurement.git

Updating from https://github.com/google/promises.git

Updating from https://github.com/apple/swift-protobuf.git

Updating from https://github.com/apple/swift-numerics.git

Updating from https://github.com/googleads/google-ads-on-device-conversion-ios-sdk

the package manifest at '/Package.swift' cannot be accessed (/Package.swift doesn't exist in file system)2025-11-12 12:27:49.753 xcodebuild[8341:58420] Writing error result bundle to /var/folders/kb/l6z1fch920d6fdyq1_r1hzvw0000gn/T/ResultBundle_2025-12-11_12-27-0049.xcresult
xcodebuild: error: Could not resolve package dependencies:
  the package manifest at '/Package.swift' cannot be accessed (/Package.swift doesn't exist in file system)

